<?xml version="1.0" encoding="UTF-8"?>
<testsuite xmlns:xsi="http://www.w3.org/2001/XMLSchema-instance" xsi:noNamespaceSchemaLocation="https://maven.apache.org/surefire/maven-surefire-plugin/xsd/surefire-test-report-3.0.xsd" version="3.0" name="test.UITest" time="12.449" tests="1" errors="0" skipped="0" failures="0">
  <properties>
[...]
</properties>
  <testcase name="openPageCheck" classname="test.UITest" time="12.298">
    <system-err><![CDATA[[main] INFO com.codeborne.selenide.impl.WebDriverThreadLocalContainer - No webdriver is bound to current thread: 1 - let's create a new webdriver
[main] INFO com.codeborne.selenide.impl.FileHelper - Creating folder: C:\Users\a.gorodnov\IdeaProjects\JavaAutomationBftTeam\build\downloads\1745410584948_45144_1
[main] INFO com.codeborne.selenide.webdriver.SelenideNettyClientFactory - Changed readTimeout from PT3M to PT1M30S
[main] INFO com.codeborne.selenide.webdriver.SelenideNettyClientFactory - Changed readTimeout from PT3M to PT1M30S
апр. 23, 2025 3:16:27 PM org.openqa.selenium.devtools.CdpVersionFinder findNearestMatch
WARNING: Unable to find CDP implementation matching 134
апр. 23, 2025 3:16:27 PM org.openqa.selenium.chromium.ChromiumDriver lambda$new$5
WARNING: Unable to find version of CDP to use for 134.0.6998.178. You may need to include a dependency on a specific version of the CDP using something similar to `org.seleniumhq.selenium:selenium-devtools-v86:4.13.0` where the version ("v86") matches the version of the chromium-based browser you're using and the version number of the artifact is the same as Selenium's.
[main] INFO com.codeborne.selenide.webdriver.WebDriverFactory - BrowserName=chrome Version=134.0.6998.178 Platform=windows
[main] INFO com.codeborne.selenide.webdriver.WebDriverFactory - Selenide v. 6.19.0
[main] INFO com.codeborne.selenide.webdriver.WebDriverFactory - Selenium WebDriver v. 4.13.0 build revision: ba948ece5b*
[main] INFO com.codeborne.selenide.drivercommands.CreateDriverCommand - Created webdriver in thread 1: ChromeDriver -> ChromeDriver: chrome on windows (f38c4905ce5ddf3b8fde0e817290229e)
[main] INFO com.codeborne.selenide.drivercommands.DisposablesRegistry - Register WebDriverInstance[config=StaticConfig,webDriver=ChromeDriver: chrome on windows (f38c4905ce5ddf3b8fde0e817290229e),proxy=null,downloadsFolder=C:\Users\a.gorodnov\IdeaProjects\JavaAutomationBftTeam\build\downloads\1745410584948_45144_1] in 1 [size=1]
[main] INFO com.codeborne.selenide.drivercommands.DisposablesRegistry - Add shutdown hook in 1 [size=1]
[main] INFO com.codeborne.selenide.impl.FileHelper - Deleted empty folder: C:\Users\a.gorodnov\IdeaProjects\JavaAutomationBftTeam\build\downloads\1745410584948_45144_1
[main] INFO com.codeborne.selenide.drivercommands.CloseDriverCommand - Close webdriver: 1 -> ChromeDriver: chrome on windows (f38c4905ce5ddf3b8fde0e817290229e)...
[main] INFO com.codeborne.selenide.drivercommands.CloseDriverCommand - Closed webdriver 1 in 784 ms
[main] INFO com.codeborne.selenide.drivercommands.DisposablesRegistry - Unregister WebDriverInstance[config=StaticConfig,webDriver=ChromeDriver: chrome on windows (null),proxy=null,downloadsFolder=C:\Users\a.gorodnov\IdeaProjects\JavaAutomationBftTeam\build\downloads\1745410584948_45144_1] in 1 [size=0]
]]></system-err>
  </testcase>
</testsuite>